Initialized native services in: /Users/anusreelakshmi/.gradle/native
Initialized jansi services in: /Users/anusreelakshmi/.gradle/native
Received JVM installation metadata from '/Users/anusreelakshmi/Library/Java/JavaVirtualMachines/corretto-21.0.5/Contents/Home': {JAVA_HOME=/Users/anusreelakshmi/Library/Java/JavaVirtualMachines/corretto-21.0.5/Contents/Home, JAVA_VERSION=21.0.5, JAVA_VENDOR=Amazon.com Inc., RUNTIME_NAME=OpenJDK Runtime Environment, RUNTIME_VERSION=21.0.5+11-LTS, VM_NAME=OpenJDK 64-Bit Server VM, VM_VERSION=21.0.5+11-LTS, VM_VENDOR=Amazon.com Inc., OS_ARCH=aarch64}
Found daemon DaemonInfo{pid=1594, address=[16dfbcc0-1bdd-466b-941d-b61fa783394d port:49334, addresses:[/127.0.0.1]], state=Idle, lastBusy=1762341371087, context=DefaultDaemonContext[uid=a6b4242b-02e2-4e8c-8a88-4e68eb09ce24,javaHome=/Users/anusreelakshmi/Library/Java/JavaVirtualMachines/corretto-21.0.5/Contents/Home,daemonRegistryDir=/Users/anusreelakshmi/.gradle/daemon,pid=1594,idleTimeout=10800000,priority=NORMAL,applyInstrumentationAgent=true,daemonOpts=--add-opens=java.base/java.util=ALL-UNNAMED,--add-opens=java.base/java.lang=ALL-UNNAMED,--add-opens=java.base/java.lang.invoke=ALL-UNNAMED,--add-opens=java.prefs/java.util.prefs=ALL-UNNAMED,--add-opens=java.base/java.nio.charset=ALL-UNNAMED,--add-opens=java.base/java.net=ALL-UNNAMED,--add-opens=java.base/java.util.concurrent.atomic=ALL-UNNAMED,-XX:MaxMetaspaceSize=384m,-XX:+HeapDumpOnOutOfMemoryError,-Xms256m,-Xmx512m,-Dfile.encoding=UTF-8,-Duser.country=US,-Duser.language=en,-Duser.variant]} however its context does not match the desired criteria.
At least one daemon option is different.
Wanted: DefaultDaemonContext[uid=null,javaHome=/Users/anusreelakshmi/Library/Java/JavaVirtualMachines/corretto-21.0.5/Contents/Home,daemonRegistryDir=/Users/anusreelakshmi/.gradle/daemon,pid=6592,idleTimeout=null,priority=NORMAL,applyInstrumentationAgent=true,daemonOpts=--add-opens=java.base/java.util=ALL-UNNAMED,--add-opens=java.base/java.lang=ALL-UNNAMED,--add-opens=java.base/java.lang.invoke=ALL-UNNAMED,--add-opens=java.prefs/java.util.prefs=ALL-UNNAMED,--add-opens=java.base/java.nio.charset=ALL-UNNAMED,--add-opens=java.base/java.net=ALL-UNNAMED,--add-opens=java.base/java.util.concurrent.atomic=ALL-UNNAMED,-Xms1g,-Xmx2g,-Dfile.encoding=UTF-8,-Duser.country=US,-Duser.language=en,-Duser.variant]
Actual: DefaultDaemonContext[uid=a6b4242b-02e2-4e8c-8a88-4e68eb09ce24,javaHome=/Users/anusreelakshmi/Library/Java/JavaVirtualMachines/corretto-21.0.5/Contents/Home,daemonRegistryDir=/Users/anusreelakshmi/.gradle/daemon,pid=1594,idleTimeout=10800000,priority=NORMAL,applyInstrumentationAgent=true,daemonOpts=--add-opens=java.base/java.util=ALL-UNNAMED,--add-opens=java.base/java.lang=ALL-UNNAMED,--add-opens=java.base/java.lang.invoke=ALL-UNNAMED,--add-opens=java.prefs/java.util.prefs=ALL-UNNAMED,--add-opens=java.base/java.nio.charset=ALL-UNNAMED,--add-opens=java.base/java.net=ALL-UNNAMED,--add-opens=java.base/java.util.concurrent.atomic=ALL-UNNAMED,-XX:MaxMetaspaceSize=384m,-XX:+HeapDumpOnOutOfMemoryError,-Xms256m,-Xmx512m,-Dfile.encoding=UTF-8,-Duser.country=US,-Duser.language=en,-Duser.variant]

  Looking for a different daemon...
The client will now receive all logging from the daemon (pid: 5113). The daemon log file: /Users/anusreelakshmi/.gradle/daemon/8.7/daemon-5113.out.log
Starting 5th build in daemon [uptime: 25 mins 41.678 secs, performance: 100%, GC rate: 0.00/s, heap usage: 0% of 2 GiB]
Closing daemon's stdin at end of input.
The daemon will no longer process any standard input.
Using 10 worker leases.
Now considering [/Users/anusreelakshmi/Documents/GitHub/liberty-tools-intellij] as hierarchies to watch
Watching the file system is configured to be enabled if available
File system watching is active
Starting Build
Settings evaluated using settings file '/Users/anusreelakshmi/Documents/GitHub/liberty-tools-intellij/settings.gradle'.
Projects loaded. Root project using build file '/Users/anusreelakshmi/Documents/GitHub/liberty-tools-intellij/build.gradle'.
Included projects: [root project 'liberty-tools-intellij']

> Configure project :
Evaluating root project 'liberty-tools-intellij' using build file '/Users/anusreelakshmi/Documents/GitHub/liberty-tools-intellij/build.gradle'.
Invalidating in-memory cache of /Users/anusreelakshmi/.gradle/caches/journal-1/file-access.bin
Transforming intellij-platform-gradle-plugin-2.7.2.jar (org.jetbrains.intellij.platform:intellij-platform-gradle-plugin:2.7.2) with ExternalDependencyInstrumentingArtifactTransform
Transforming kotlin-gradle-plugin-model-2.0.20.jar (org.jetbrains.kotlin:kotlin-gradle-plugin-model:2.0.20) with ExternalDependencyInstrumentingArtifactTransform
Transforming kotlin-gradle-plugin-api-2.0.20.jar (org.jetbrains.kotlin:kotlin-gradle-plugin-api:2.0.20) with ExternalDependencyInstrumentingArtifactTransform
Transforming kotlin-gradle-plugin-2.0.20-gradle85.jar (org.jetbrains.kotlin:kotlin-gradle-plugin:2.0.20) with ExternalDependencyInstrumentingArtifactTransform
Transforming structure-ide-3.310.jar (org.jetbrains.intellij.plugins:structure-ide:3.310) with ExternalDependencyInstrumentingArtifactTransform
Transforming structure-intellij-3.310.jar (org.jetbrains.intellij.plugins:structure-intellij:3.310) with ExternalDependencyInstrumentingArtifactTransform
Transforming structure-base-3.310.jar (org.jetbrains.intellij.plugins:structure-base:3.310) with ExternalDependencyInstrumentingArtifactTransform
Transforming xmlutil-serialization-jvm-0.86.3.jar (io.github.pdvrieze.xmlutil:serialization-jvm:0.86.3) with ExternalDependencyInstrumentingArtifactTransform
Transforming xmlutil-jvm-0.86.3.jar (io.github.pdvrieze.xmlutil:core-jvm:0.86.3) with ExternalDependencyInstrumentingArtifactTransform
Transforming kotlinx-serialization-core-jvm-1.6.3.jar (org.jetbrains.kotlinx:kotlinx-serialization-core-jvm:1.6.3) with ExternalDependencyInstrumentingArtifactTransform
Transforming kotlinx-serialization-json-jvm-1.6.3.jar (org.jetbrains.kotlinx:kotlinx-serialization-json-jvm:1.6.3) with ExternalDependencyInstrumentingArtifactTransform
Transforming undertow-core-2.3.18.Final.jar (io.undertow:undertow-core:2.3.18.Final) with ExternalDependencyInstrumentingArtifactTransform
Transforming plugin-repository-rest-client-2.0.47.jar (org.jetbrains.intellij:plugin-repository-rest-client:2.0.47) with ExternalDependencyInstrumentingArtifactTransform
Transforming converter-jaxb-2.11.0.jar (com.squareup.retrofit2:converter-jaxb:2.11.0) with ExternalDependencyInstrumentingArtifactTransform
Transforming converter-jackson-2.11.0.jar (com.squareup.retrofit2:converter-jackson:2.11.0) with ExternalDependencyInstrumentingArtifactTransform
Transforming retrofit-2.11.0.jar (com.squareup.retrofit2:retrofit:2.11.0) with ExternalDependencyInstrumentingArtifactTransform
Transforming okhttp-4.12.0.jar (com.squareup.okhttp3:okhttp:4.12.0) with ExternalDependencyInstrumentingArtifactTransform
Transforming kotlin-gradle-plugin-idea-proto-2.0.20.jar (org.jetbrains.kotlin:kotlin-gradle-plugin-idea-proto:2.0.20) with ExternalDependencyInstrumentingArtifactTransform
Transforming kotlin-gradle-plugin-idea-2.0.20.jar (org.jetbrains.kotlin:kotlin-gradle-plugin-idea:2.0.20) with ExternalDependencyInstrumentingArtifactTransform
Transforming kotlin-klib-commonizer-api-2.0.20.jar (org.jetbrains.kotlin:kotlin-klib-commonizer-api:2.0.20) with ExternalDependencyInstrumentingArtifactTransform
Transforming kotlin-build-statistics-2.0.20.jar (org.jetbrains.kotlin:kotlin-build-statistics:2.0.20) with ExternalDependencyInstrumentingArtifactTransform
Transforming kotlin-build-tools-api-2.0.20.jar (org.jetbrains.kotlin:kotlin-build-tools-api:2.0.20) with ExternalDependencyInstrumentingArtifactTransform
Transforming kotlin-compiler-runner-2.0.20.jar (org.jetbrains.kotlin:kotlin-compiler-runner:2.0.20) with ExternalDependencyInstrumentingArtifactTransform
Transforming kotlin-native-utils-2.0.20.jar (org.jetbrains.kotlin:kotlin-native-utils:2.0.20) with ExternalDependencyInstrumentingArtifactTransform
Transforming kotlin-util-klib-2.0.20.jar (org.jetbrains.kotlin:kotlin-util-klib:2.0.20) with ExternalDependencyInstrumentingArtifactTransform
Transforming kotlin-compiler-embeddable-2.0.20.jar (org.jetbrains.kotlin:kotlin-compiler-embeddable:2.0.20) with ExternalDependencyInstrumentingArtifactTransform
Transforming jackson-databind-2.17.2.jar (com.fasterxml.jackson.core:jackson-databind:2.17.2) with ExternalDependencyInstrumentingArtifactTransform
Transforming jackson-annotations-2.17.2.jar (com.fasterxml.jackson.core:jackson-annotations:2.17.2) with ExternalDependencyInstrumentingArtifactTransform
Transforming jackson-core-2.17.2.jar (com.fasterxml.jackson.core:jackson-core:2.17.2) with ExternalDependencyInstrumentingArtifactTransform
Transforming jackson-module-kotlin-2.17.2.jar (com.fasterxml.jackson.module:jackson-module-kotlin:2.17.2) with ExternalDependencyInstrumentingArtifactTransform
Transforming commons-compress-1.27.1.jar (org.apache.commons:commons-compress:1.27.1) with ExternalDependencyInstrumentingArtifactTransform
Transforming xz-1.9.jar (org.tukaani:xz:1.9) with ExternalDependencyInstrumentingArtifactTransform
Transforming evo-inflector-1.3.jar (org.atteo:evo-inflector:1.3) with ExternalDependencyInstrumentingArtifactTransform
Transforming okio-jvm-3.6.0.jar (com.squareup.okio:okio-jvm:3.6.0) with ExternalDependencyInstrumentingArtifactTransform
Transforming kotlin-stdlib-jdk8-1.9.21.jar (org.jetbrains.kotlin:kotlin-stdlib-jdk8:1.9.21) with ExternalDependencyInstrumentingArtifactTransform
Transforming kotlin-stdlib-jdk7-1.9.21.jar (org.jetbrains.kotlin:kotlin-stdlib-jdk7:1.9.21) with ExternalDependencyInstrumentingArtifactTransform
Transforming kotlin-stdlib-1.9.22.jar (org.jetbrains.kotlin:kotlin-stdlib:1.9.22) with ExternalDependencyInstrumentingArtifactTransform
Transforming annotations-24.0.1.jar (org.jetbrains:annotations:24.0.1) with ExternalDependencyInstrumentingArtifactTransform
Transforming commons-io-2.16.1.jar (commons-io:commons-io:2.16.1) with ExternalDependencyInstrumentingArtifactTransform
Transforming caffeine-3.1.8.jar (com.github.ben-manes.caffeine:caffeine:3.1.8) with ExternalDependencyInstrumentingArtifactTransform
Transforming xnio-nio-3.8.16.Final.jar (org.jboss.xnio:xnio-nio:3.8.16.Final) with ExternalDependencyInstrumentingArtifactTransform
Transforming xnio-api-3.8.16.Final.jar (org.jboss.xnio:xnio-api:3.8.16.Final) with ExternalDependencyInstrumentingArtifactTransform
Transforming wildfly-client-config-1.0.1.Final.jar (org.wildfly.client:wildfly-client-config:1.0.1.Final) with ExternalDependencyInstrumentingArtifactTransform
Transforming jboss-threads-3.5.0.Final.jar (org.jboss.threads:jboss-threads:3.5.0.Final) with ExternalDependencyInstrumentingArtifactTransform
Transforming jboss-logging-3.4.3.Final.jar (org.jboss.logging:jboss-logging:3.4.3.Final) with ExternalDependencyInstrumentingArtifactTransform
Transforming woodstox-core-7.1.0.jar (com.fasterxml.woodstox:woodstox-core:7.1.0) with ExternalDependencyInstrumentingArtifactTransform
Transforming jsoup-1.16.1.jar (org.jsoup:jsoup:1.16.1) with ExternalDependencyInstrumentingArtifactTransform
Transforming jaxb-runtime-2.3.1.jar (org.glassfish.jaxb:jaxb-runtime:2.3.1) with ExternalDependencyInstrumentingArtifactTransform
Transforming jaxb-api-2.3.1.jar (javax.xml.bind:jaxb-api:2.3.1) with ExternalDependencyInstrumentingArtifactTransform
Transforming jdom2-2.0.6.1.jar (org.jdom:jdom2:2.0.6.1) with ExternalDependencyInstrumentingArtifactTransform
Transforming jaxb-impl-2.3.2.jar (com.sun.xml.bind:jaxb-impl:2.3.2) with ExternalDependencyInstrumentingArtifactTransform
Transforming jaxb-core-2.3.0.jar (com.sun.xml.bind:jaxb-core:2.3.0) with ExternalDependencyInstrumentingArtifactTransform
Transforming blockmap-1.0.5.jar (org.jetbrains.intellij:blockmap:1.0.5) with ExternalDependencyInstrumentingArtifactTransform
Transforming kotlin-gradle-plugin-annotations-2.0.20.jar (org.jetbrains.kotlin:kotlin-gradle-plugin-annotations:2.0.20) with ExternalDependencyInstrumentingArtifactTransform
Transforming kotlin-tooling-core-2.0.20.jar (org.jetbrains.kotlin:kotlin-tooling-core:2.0.20) with ExternalDependencyInstrumentingArtifactTransform
Transforming gson-2.8.9.jar (com.google.code.gson:gson:2.8.9) with ExternalDependencyInstrumentingArtifactTransform
Transforming kotlin-daemon-client-2.0.20.jar (org.jetbrains.kotlin:kotlin-daemon-client:2.0.20) with ExternalDependencyInstrumentingArtifactTransform
Transforming kotlinx-coroutines-core-jvm-1.6.4.jar (org.jetbrains.kotlinx:kotlinx-coroutines-core-jvm:1.6.4) with ExternalDependencyInstrumentingArtifactTransform
Transforming kotlin-util-io-2.0.20.jar (org.jetbrains.kotlin:kotlin-util-io:2.0.20) with ExternalDependencyInstrumentingArtifactTransform
Transforming kotlin-daemon-embeddable-2.0.20.jar (org.jetbrains.kotlin:kotlin-daemon-embeddable:2.0.20) with ExternalDependencyInstrumentingArtifactTransform
Transforming trove4j-1.0.20200330.jar (org.jetbrains.intellij.deps:trove4j:1.0.20200330) with ExternalDependencyInstrumentingArtifactTransform
Transforming commons-codec-1.17.1.jar (commons-codec:commons-codec:1.17.1) with ExternalDependencyInstrumentingArtifactTransform
Transforming commons-lang3-3.16.0.jar (org.apache.commons:commons-lang3:3.16.0) with ExternalDependencyInstrumentingArtifactTransform
Transforming checker-qual-3.37.0.jar (org.checkerframework:checker-qual:3.37.0) with ExternalDependencyInstrumentingArtifactTransform
Transforming error_prone_annotations-2.21.1.jar (com.google.errorprone:error_prone_annotations:2.21.1) with ExternalDependencyInstrumentingArtifactTransform
Transforming wildfly-common-1.5.4.Final.jar (org.wildfly.common:wildfly-common:1.5.4.Final) with ExternalDependencyInstrumentingArtifactTransform
Transforming stax2-api-4.2.2.jar (org.codehaus.woodstox:stax2-api:4.2.2) with ExternalDependencyInstrumentingArtifactTransform
Transforming javax.activation-api-1.2.0.jar (javax.activation:javax.activation-api:1.2.0) with ExternalDependencyInstrumentingArtifactTransform
Transforming txw2-2.3.1.jar (org.glassfish.jaxb:txw2:2.3.1) with ExternalDependencyInstrumentingArtifactTransform
Transforming istack-commons-runtime-3.0.7.jar (com.sun.istack:istack-commons-runtime:3.0.7) with ExternalDependencyInstrumentingArtifactTransform
Transforming stax-ex-1.8.jar (org.jvnet.staxex:stax-ex:1.8) with ExternalDependencyInstrumentingArtifactTransform
Transforming FastInfoset-1.2.15.jar (com.sun.xml.fastinfoset:FastInfoset:1.2.15) with ExternalDependencyInstrumentingArtifactTransform
Invalidating in-memory cache of /Users/anusreelakshmi/.gradle/caches/8.7/fileHashes/fileHashes.bin
Invalidating in-memory cache of /Users/anusreelakshmi/.gradle/caches/8.7/fileHashes/resourceHashesCache.bin
[org.jetbrains.intellij.platform] Configuring plugin: org.jetbrains.intellij.platform
[org.jetbrains.intellij.platform] Configuring task: patchPluginXml
[org.jetbrains.intellij.platform] Configuring plugin: org.jetbrains.intellij.platform.base
[org.jetbrains.intellij.platform] Configuring task: initializeIntellijPlatformPlugin
[org.jetbrains.intellij.platform] Configuring task: printBundledPlugins
[org.jetbrains.intellij.platform] Configuring task: printProductsReleases
[org.jetbrains.intellij.platform] Configuring task: setupDependencies
[org.jetbrains.intellij.platform] Configuring plugin: org.jetbrains.intellij.platform.module
[org.jetbrains.intellij.platform] Configuring task: generateManifest
[org.jetbrains.intellij.platform] Configuring task: jar
[org.jetbrains.intellij.platform] Configuring task: instrumentCode
[org.jetbrains.intellij.platform] Configuring task: instrumentTestCode
[org.jetbrains.intellij.platform] Configuring task: instrumentedJar
[org.jetbrains.intellij.platform] Configuring task: composedJar
[org.jetbrains.intellij.platform] Configuring task: prepareSandbox
[org.jetbrains.intellij.platform] Configuring task: prepareTestSandbox
[org.jetbrains.intellij.platform] Configuring task: prepareTestIdePerformanceSandbox
[org.jetbrains.intellij.platform] Configuring task: prepareTest
[org.jetbrains.intellij.platform] Configuring task: test
[org.jetbrains.intellij.platform] Configuring task: verifyPluginProjectConfiguration
[org.jetbrains.intellij.platform] Configuring plugin configuration verification task
[org.jetbrains.intellij.platform] Configuring task: patchPluginXml
[org.jetbrains.intellij.platform] Configuring task: processResources
[org.jetbrains.intellij.platform] Configuring task: buildSearchableOptions
[org.jetbrains.intellij.platform] Configuring task: prepareJarSearchableOptions
[org.jetbrains.intellij.platform] Configuring task: jarSearchableOptions
[org.jetbrains.intellij.platform] Configuring task: buildPlugin
[org.jetbrains.intellij.platform] Configuring task: testIdePerformance
[org.jetbrains.intellij.platform] Configuring task: runIde
[org.jetbrains.intellij.platform] Configuring task: verifyPlugin
[org.jetbrains.intellij.platform] Configuring task: verifyPluginSignature
[org.jetbrains.intellij.platform] Configuring task: verifyPluginStructure
[org.jetbrains.intellij.platform] Configuring task: signPlugin
[org.jetbrains.intellij.platform] Configuring task: publishPlugin
Using Kotlin Gradle Plugin gradle85 variant
kotlin scripting plugin: created the scripting discovery configuration: kotlinScriptDef
kotlin scripting plugin: created the scripting discovery configuration: testKotlinScriptDef
All projects evaluated.
Task name matched 'runIdeForUiTests'
Selected primary task 'runIdeForUiTests' from project :
Transforming ideaIC-2025.2.1-aarch64.dmg (idea:ideaIC:2025.2.1) with ExtractorTransformer
[org.jetbrains.intellij.platform] LocalIvyArtifactPathComponentMetadataRule has been registered.
Starting process 'command '/Users/anusreelakshmi/.gradle/caches/transforms-4/74e495c8fecfaece8eb50554720738f6/transformed/ideaIC-2025.2.1-aarch64/jbr/Contents/Home/bin/java''. Working directory: /Users/anusreelakshmi/Documents/GitHub/liberty-tools-intellij Command: /Users/anusreelakshmi/.gradle/caches/transforms-4/74e495c8fecfaece8eb50554720738f6/transformed/ideaIC-2025.2.1-aarch64/jbr/Contents/Home/bin/java -XshowSettings:properties -version
Successfully started process 'command '/Users/anusreelakshmi/.gradle/caches/transforms-4/74e495c8fecfaece8eb50554720738f6/transformed/ideaIC-2025.2.1-aarch64/jbr/Contents/Home/bin/java''
Transforming ideaIC-2024.3.6-aarch64.dmg (idea:ideaIC:2024.3.6) with ExtractorTransformer
[org.jetbrains.intellij.platform] LocalIvyArtifactPathComponentMetadataRule has been registered.
[org.jetbrains.intellij.platform] Creating new IDE instance from: /Users/anusreelakshmi/.gradle/caches/transforms-4/b3d0bb6165c82e1bcf04b87ad92cbdee/transformed/ideaIC-2024.3.6-aarch64
[org.jetbrains.intellij.platform] Created IvyModule.Artifact: url='plugins/java/lib', name='jshell-protocol', ext='jar'.
[org.jetbrains.intellij.platform] Created IvyModule.Artifact: url='plugins/java/lib', name='jetbrains.kotlinx.metadata.jvm', ext='jar'.
[org.jetbrains.intellij.platform] Created IvyModule.Artifact: url='plugins/java/lib', name='jps-javac-extension', ext='jar'.
[org.jetbrains.intellij.platform] Created IvyModule.Artifact: url='plugins/java/lib', name='jps-launcher', ext='jar'.
[org.jetbrains.intellij.platform] Created IvyModule.Artifact: url='plugins/java/lib', name='javac2', ext='jar'.
[org.jetbrains.intellij.platform] Created IvyModule.Artifact: url='plugins/java/lib', name='maven-resolver-transport-http', ext='jar'.
[org.jetbrains.intellij.platform] Created IvyModule.Artifact: url='plugins/java/lib', name='jgoodies-common', ext='jar'.
[org.jetbrains.intellij.platform] Created IvyModule.Artifact: url='plugins/java/lib', name='java-impl', ext='jar'.
[org.jetbrains.intellij.platform] Created IvyModule.Artifact: url='plugins/java/lib', name='maven-resolver-transport-file', ext='jar'.
[org.jetbrains.intellij.platform] Created IvyModule.Artifact: url='plugins/java/lib', name='jps-builders-6', ext='jar'.
[org.jetbrains.intellij.platform] Created IvyModule.Artifact: url='plugins/java/lib', name='debugger-memory-agent', ext='jar'.
[org.jetbrains.intellij.platform] Created IvyModule.Artifact: url='plugins/java/lib', name='aether-dependency-resolver', ext='jar'.
[org.jetbrains.intellij.platform] Created IvyModule.Artifact: url='plugins/java/lib', name='jps-builders', ext='jar'.
[org.jetbrains.intellij.platform] Created IvyModule.Artifact: url='plugins/java/lib', name='jshell-frontend', ext='jar'.
[org.jetbrains.intellij.platform] Created IvyModule.Artifact: url='plugins/java/lib', name='maven-resolver-connector-basic', ext='jar'.
[org.jetbrains.intellij.platform] Created IvyModule.Artifact: url='plugins/java/lib', name='java-frontback', ext='jar'.
[org.jetbrains.intellij.platform] Created IvyModule.Artifact: url='plugins/java/lib', name='sa-jdwp', ext='jar'.
[org.jetbrains.intellij.platform] Created IvyModule.Artifact: url='plugins/java/lib', name='jb-jdi', ext='jar'.
[org.jetbrains.intellij.platform] Created IvyModule.Artifact: url='plugins/java/lib/modules', name='intellij.java.unscramble', ext='jar'.
[org.jetbrains.intellij.platform] Created IvyModule.Artifact: url='plugins/java/lib/modules', name='intellij.java.featuresTrainer', ext='jar'.
[org.jetbrains.intellij.platform] Created IvyModule.Artifact: url='plugins/java/lib/modules', name='intellij.jvm.analysis.impl', ext='jar'.
[org.jetbrains.intellij.platform] Created IvyModule.Artifact: url='plugins/java/lib/modules', name='intellij.java.vcs', ext='jar'.
[org.jetbrains.intellij.platform] Created IvyModule.Artifact: url='plugins/java/lib/modules', name='intellij.java.structuralSearch', ext='jar'.
[org.jetbrains.intellij.platform] Created IvyModule.Artifact: url='plugins/maven/lib', name='maven36-server', ext='jar'.
[org.jetbrains.intellij.platform] Created IvyModule.Artifact: url='plugins/maven/lib', name='maven-jps', ext='jar'.
[org.jetbrains.intellij.platform] Created IvyModule.Artifact: url='plugins/maven/lib', name='maven40-server', ext='jar'.
[org.jetbrains.intellij.platform] Created IvyModule.Artifact: url='plugins/maven/lib', name='maven-server-indexer', ext='jar'.
[org.jetbrains.intellij.platform] Created IvyModule.Artifact: url='plugins/maven/lib', name='maven-event-listener', ext='jar'.
[org.jetbrains.intellij.platform] Created IvyModule.Artifact: url='plugins/maven/lib', name='maven3-server', ext='jar'.
[org.jetbrains.intellij.platform] Created IvyModule.Artifact: url='plugins/maven/lib', name='artifact-resolver-m31', ext='jar'.
[org.jetbrains.intellij.platform] Created IvyModule.Artifact: url='plugins/maven/lib', name='maven-server-telemetry', ext='jar'.
[org.jetbrains.intellij.platform] Created IvyModule.Artifact: url='plugins/maven/lib', name='maven3-server-common', ext='jar'.
[org.jetbrains.intellij.platform] Created IvyModule.Artifact: url='plugins/maven/lib', name='maven', ext='jar'.
[org.jetbrains.intellij.platform] Created IvyModule.Artifact: url='plugins/properties/lib', name='properties', ext='jar'.
[org.jetbrains.intellij.platform] Created IvyModule.Artifact: url='plugins/repository-search/lib', name='repository-search', ext='jar'.
[org.jetbrains.intellij.platform] Created IvyModule.Artifact: url='lib/modules', name='intellij.libraries.ktor.client', ext='jar'.
[org.jetbrains.intellij.platform] Created IvyModule.Artifact: url='plugins/maven-model/lib', name='maven-model', ext='jar'.
[org.jetbrains.intellij.platform] Created IvyModule.Artifact: url='plugins/maven-model/lib', name='maven-model', ext='jar'.
[org.jetbrains.intellij.platform] Rewriting Ivy module 'IC-243.26574.91/bundledPlugin-org.jetbrains.idea.maven.model-IC-243.26574.91.xml' detected. Paths match '/Users/anusreelakshmi/.gradle/caches/transforms-4/b3d0bb6165c82e1bcf04b87ad92cbdee/transformed/ideaIC-2024.3.6-aarch64/plugins/maven-model', the cached value will used.
[org.jetbrains.intellij.platform] Created IvyModule.Artifact: url='plugins/maven-server/lib', name='maven-server', ext='jar'.
[org.jetbrains.intellij.platform] Created IvyModule.Artifact: url='plugins/maven-model/lib', name='maven-model', ext='jar'.
[org.jetbrains.intellij.platform] Rewriting Ivy module 'IC-243.26574.91/bundledPlugin-org.jetbrains.idea.maven.model-IC-243.26574.91.xml' detected. Paths match '/Users/anusreelakshmi/.gradle/caches/transforms-4/b3d0bb6165c82e1bcf04b87ad92cbdee/transformed/ideaIC-2024.3.6-aarch64/plugins/maven-model', the cached value will used.
[org.jetbrains.intellij.platform] Created IvyModule.Artifact: url='plugins/gradle/lib', name='gradle-tooling-extension-impl', ext='jar'.
[org.jetbrains.intellij.platform] Created IvyModule.Artifact: url='plugins/gradle/lib', name='gradle-tooling-extension-api', ext='jar'.
[org.jetbrains.intellij.platform] Created IvyModule.Artifact: url='plugins/gradle/lib', name='gradle', ext='jar'.
[org.jetbrains.intellij.platform] Created IvyModule.Artifact: url='plugins/gradle/lib', name='gradle-api-8.10', ext='jar'.
[org.jetbrains.intellij.platform] Created IvyModule.Artifact: url='plugins/terminal/lib', name='terminal', ext='jar'.
[org.jetbrains.intellij.platform] Rewriting Ivy module 'IC-243.26574.91/bundledPlugin-com.intellij.properties-IC-243.26574.91.xml' detected. Paths match '/Users/anusreelakshmi/.gradle/caches/transforms-4/b3d0bb6165c82e1bcf04b87ad92cbdee/transformed/ideaIC-2024.3.6-aarch64/plugins/properties', the cached value will used.
Tasks to be executed: [task ':initializeIntellijPlatformPlugin', task ':patchPluginXml', task ':generateManifest', task ':checkKotlinGradlePluginConfigurationErrors', task ':copyDeps', task ':compileKotlin', task ':compileJava', task ':processResources', task ':classes', task ':instrumentCode', task ':jar', task ':instrumentedJar', task ':composedJar', task ':prepareSandbox_runIdeForUiTests', task ':runIdeForUiTests']
Tasks that were excluded: []
Resolve mutations for :initializeIntellijPlatformPlugin (Thread[#400,Execution worker,5,main]) started.
:initializeIntellijPlatformPlugin (Thread[#404,Execution worker Thread 5,5,main]) started.

> Task :initializeIntellijPlatformPlugin
Transforming com.redhat.devtools.lsp4ij-0.18.0.zip (com.jetbrains.plugins:com.redhat.devtools.lsp4ij:0.18.0) with ExtractorTransformer
Transforming com.redhat.devtools.lsp4ij-0.18.0.zip (com.jetbrains.plugins:com.redhat.devtools.lsp4ij:0.18.0) with LocalPluginsNormalizationTransformers
Caching disabled for task ':initializeIntellijPlatformPlugin' because:
  Build cache is disabled
Task ':initializeIntellijPlatformPlugin' is not up-to-date because:
  Task is untracked because: Should always run
Resolve mutations for :patchPluginXml (Thread[#404,Execution worker Thread 5,5,main]) started.
:patchPluginXml (Thread[#404,Execution worker Thread 5,5,main]) started.

> Task :patchPluginXml
Caching disabled for task ':patchPluginXml' because:
  Build cache is disabled
Task ':patchPluginXml' is not up-to-date because:
  Output property 'outputFile' file /Users/anusreelakshmi/Documents/GitHub/liberty-tools-intellij/build/tmp/patchPluginXml/plugin.xml has been removed.
Resolve mutations for :generateManifest (Thread[#404,Execution worker Thread 5,5,main]) started.
:generateManifest (Thread[#404,Execution worker Thread 5,5,main]) started.

> Task :generateManifest
Caching disabled for task ':generateManifest' because:
  Build cache is disabled
Task ':generateManifest' is not up-to-date because:
  Output property 'generatedManifest' file /Users/anusreelakshmi/Documents/GitHub/liberty-tools-intellij/build/tmp/generateManifest/MANIFEST.MF has been removed.
Resolve mutations for :checkKotlinGradlePluginConfigurationErrors (Thread[#404,Execution worker Thread 5,5,main]) started.
:checkKotlinGradlePluginConfigurationErrors (Thread[#404,Execution worker Thread 5,5,main]) started.

> Task :checkKotlinGradlePluginConfigurationErrors SKIPPED
Skipping task ':checkKotlinGradlePluginConfigurationErrors' as task onlyIf 'errorDiagnostics are present' is false.
Resolve mutations for :copyDeps (Thread[#404,Execution worker Thread 5,5,main]) started.
:copyDeps (Thread[#404,Execution worker Thread 5,5,main]) started.

> Task :copyDeps UP-TO-DATE
Caching disabled for task ':copyDeps' because:
  Build cache is disabled
  Not worth caching
Skipping task ':copyDeps' as it is up-to-date.
Resolve mutations for :compileKotlin (Thread[#404,Execution worker Thread 5,5,main]) started.
:compileKotlin (Thread[#404,Execution worker Thread 5,5,main]) started.

> Task :compileKotlin NO-SOURCE
Skipping task ':compileKotlin' as it has no source files and no previous output files.
Resolve mutations for :compileJava (Thread[#404,Execution worker Thread 5,5,main]) started.
:compileJava (Thread[#404,Execution worker Thread 5,5,main]) started.
This JVM does not support getting OS memory, so no OS memory status updates will be broadcast

> Task :compileJava
[org.jetbrains.intellij.platform] The following artifact of the bundledPlugin:com.intellij.java:IC-243.26574.91 module jetbrains.kotlinx.metadata.jvm is not found: /Users/anusreelakshmi/.gradle/caches/transforms-4/74e495c8fecfaece8eb50554720738f6/transformed/ideaIC-2025.2.1-aarch64/plugins/java/lib/jetbrains.kotlinx.metadata.jvm.jar
[org.jetbrains.intellij.platform] The following artifact of the bundledPlugin:com.intellij.java:IC-243.26574.91 module java-frontback is not found: /Users/anusreelakshmi/.gradle/caches/transforms-4/74e495c8fecfaece8eb50554720738f6/transformed/ideaIC-2025.2.1-aarch64/plugins/java/lib/java-frontback.jar
[org.jetbrains.intellij.platform] The following artifact of the bundledPlugin:com.intellij.gradle:IC-243.26574.91 module gradle-api-8.10 is not found: /Users/anusreelakshmi/.gradle/caches/transforms-4/74e495c8fecfaece8eb50554720738f6/transformed/ideaIC-2025.2.1-aarch64/plugins/gradle/lib/gradle-api-8.10.jar
[org.jetbrains.intellij.platform] The following artifact of the bundledPlugin:org.jetbrains.idea.maven.server.api:IC-243.26574.91 module maven-server is not found: /Users/anusreelakshmi/.gradle/caches/transforms-4/74e495c8fecfaece8eb50554720738f6/transformed/ideaIC-2025.2.1-aarch64/plugins/maven-server/lib/maven-server.jar
[org.jetbrains.intellij.platform] The following artifact of the bundledPlugin:org.jetbrains.idea.maven.model:IC-243.26574.91 module maven-model is not found: /Users/anusreelakshmi/.gradle/caches/transforms-4/74e495c8fecfaece8eb50554720738f6/transformed/ideaIC-2025.2.1-aarch64/plugins/maven-model/lib/maven-model.jar
Transforming ideaIC-2024.3.6-aarch64.dmg (idea:ideaIC:2024.3.6) with ExtractorTransformer
Transforming ideaIC-2024.3.6-aarch64.dmg (idea:ideaIC:2024.3.6) with CollectorTransformer
Transforming com.redhat.devtools.lsp4ij-0.18.0.zip (com.jetbrains.plugins:com.redhat.devtools.lsp4ij:0.18.0) with ExtractorTransformer
Transforming com.redhat.devtools.lsp4ij-0.18.0.zip (com.jetbrains.plugins:com.redhat.devtools.lsp4ij:0.18.0) with CollectorTransformer
Caching disabled for task ':compileJava' because:
  Build cache is disabled
Task ':compileJava' is not up-to-date because:
  Output property 'previousCompilationData' file /Users/anusreelakshmi/Documents/GitHub/liberty-tools-intellij/build/tmp/compileJava/previous-compilation-data.bin has been removed.
The input changes require a full rebuild for incremental task ':compileJava'.
Full recompilation is required because no incremental change information is available. This is usually caused by clean builds or changing compiler arguments.
Compiling with toolchain '/Users/anusreelakshmi/Library/Java/JavaVirtualMachines/corretto-21.0.5/Contents/Home'.
Starting process 'Gradle Worker Daemon 5'. Working directory: /Users/anusreelakshmi/.gradle/workers Command: /Users/anusreelakshmi/Library/Java/JavaVirtualMachines/corretto-21.0.5/Contents/Home/bin/java @/Users/anusreelakshmi/.gradle/.tmp/gradle-worker-classpath12642783832128682014txt -Xmx2g -Dfile.encoding=UTF-8 -Duser.country=US -Duser.language=en -Duser.variant worker.org.gradle.process.internal.worker.GradleWorkerMain 'Gradle Worker Daemon 5'
Successfully started process 'Gradle Worker Daemon 5'
Started Gradle worker daemon (0.163 secs) with fork options DaemonForkOptions{executable=/Users/anusreelakshmi/Library/Java/JavaVirtualMachines/corretto-21.0.5/Contents/Home/bin/java, minHeapSize=null, maxHeapSize=2g, jvmArgs=[], keepAliveMode=DAEMON}.
Compiling with JDK Java compiler API.
Note: Some input files use or override a deprecated API.
Note: Recompile with -Xlint:deprecation for details.
Note: Some input files use unchecked or unsafe operations.
Note: Recompile with -Xlint:unchecked for details.
Class dependency analysis for incremental compilation took 0.034 secs.
Created classpath snapshot for incremental compilation in 0.087 secs.
Resolve mutations for :processResources (Thread[#404,Execution worker Thread 5,5,main]) started.
:processResources (Thread[#404,Execution worker Thread 5,5,main]) started.

> Task :processResources
Caching disabled for task ':processResources' because:
  Build cache is disabled
  Not worth caching
Task ':processResources' is not up-to-date because:
  Output property 'destinationDir' file /Users/anusreelakshmi/Documents/GitHub/liberty-tools-intellij/build/resources/main has been removed.
  Output property 'destinationDir' file /Users/anusreelakshmi/Documents/GitHub/liberty-tools-intellij/build/resources/main/icons has been removed.
  Output property 'destinationDir' file /Users/anusreelakshmi/Documents/GitHub/liberty-tools-intellij/build/resources/main/icons/gradle-tag-1.png has been removed.
  Output property 'destinationDir' file /Users/anusreelakshmi/Documents/GitHub/liberty-tools-intellij/build/resources/main/icons/gradle-tag-2.png has been removed.
  Output property 'destinationDir' file /Users/anusreelakshmi/Documents/GitHub/liberty-tools-intellij/build/resources/main/icons/gradle-tag-3.png has been removed.
  Output property 'destinationDir' file /Users/anusreelakshmi/Documents/GitHub/liberty-tools-intellij/build/resources/main/icons/maven-tag.png has been removed.
  Output property 'destinationDir' file /Users/anusreelakshmi/Documents/GitHub/liberty-tools-intellij/build/resources/main/icons/ol_logo.png has been removed.
  Output property 'destinationDir' file /Users/anusreelakshmi/Documents/GitHub/liberty-tools-intellij/build/resources/main/icons/OL_logo_13.svg has been removed.
  Output property 'destinationDir' file /Users/anusreelakshmi/Documents/GitHub/liberty-tools-intellij/build/resources/main/icons/OL_logo_40.svg has been removed.
  Output property 'destinationDir' file /Users/anusreelakshmi/Documents/GitHub/liberty-tools-intellij/build/resources/main/io has been removed.
  Output property 'destinationDir' file /Users/anusreelakshmi/Documents/GitHub/liberty-tools-intellij/build/resources/main/messages has been removed.
  Output property 'destinationDir' file /Users/anusreelakshmi/Documents/GitHub/liberty-tools-intellij/build/resources/main/META-INF has been removed.
  Output property 'destinationDir' file /Users/anusreelakshmi/Documents/GitHub/liberty-tools-intellij/build/resources/main/pluginNamespace.properties has been removed.
  Output property 'destinationDir' file /Users/anusreelakshmi/Documents/GitHub/liberty-tools-intellij/build/resources/main/static-properties has been removed.
Resolve mutations for :classes (Thread[#404,Execution worker Thread 5,5,main]) started.
:classes (Thread[#404,Execution worker Thread 5,5,main]) started.

> Task :classes
Skipping task ':classes' as it has no actions.
Resolve mutations for :instrumentCode (Thread[#404,Execution worker Thread 5,5,main]) started.
:instrumentCode (Thread[#404,Execution worker Thread 5,5,main]) started.

> Task :instrumentCode
file or directory '/Users/anusreelakshmi/Documents/GitHub/liberty-tools-intellij/src/main/kotlin', not found
Invalidating in-memory cache of /Users/anusreelakshmi/.gradle/caches/journal-1/file-access.bin
Caching disabled for task ':instrumentCode' because:
  Build cache is disabled
Task ':instrumentCode' is not up-to-date because:
  Output property 'outputDirectory' file /Users/anusreelakshmi/Documents/GitHub/liberty-tools-intellij/build/instrumented/instrumentCode has been removed.
  Output property 'outputDirectory' file /Users/anusreelakshmi/Documents/GitHub/liberty-tools-intellij/build/instrumented/instrumentCode/io has been removed.
  Output property 'outputDirectory' file /Users/anusreelakshmi/Documents/GitHub/liberty-tools-intellij/build/instrumented/instrumentCode/io/openliberty has been removed.
The input changes require a full rebuild for incremental task ':instrumentCode'.
[org.jetbrains.intellij.platform] Compiling forms and instrumenting code with nullability preconditions
[ant:instrumentIdeaExtensions] Added @NotNull assertions to 43 files
Resolve mutations for :jar (Thread[#404,Execution worker Thread 5,5,main]) started.
:jar (Thread[#404,Execution worker Thread 5,5,main]) started.

> Task :jar
Caching disabled for task ':jar' because:
  Build cache is disabled
  Not worth caching
Task ':jar' is not up-to-date because:
  Output property 'archiveFile' file /Users/anusreelakshmi/Documents/GitHub/liberty-tools-intellij/build/libs/liberty-tools-intellij-25.0.9-base.jar has been removed.
file or directory '/Users/anusreelakshmi/Documents/GitHub/liberty-tools-intellij/build/classes/kotlin/main', not found
Resolve mutations for :instrumentedJar (Thread[#404,Execution worker Thread 5,5,main]) started.
:instrumentedJar (Thread[#404,Execution worker Thread 5,5,main]) started.

> Task :instrumentedJar
Caching disabled for task ':instrumentedJar' because:
  Build cache is disabled
Task ':instrumentedJar' is not up-to-date because:
  Output property 'archiveFile' file /Users/anusreelakshmi/Documents/GitHub/liberty-tools-intellij/build/libs/liberty-tools-intellij-25.0.9-instrumented.jar has been removed.
Resolve mutations for :composedJar (Thread[#404,Execution worker Thread 5,5,main]) started.
:composedJar (Thread[#404,Execution worker Thread 5,5,main]) started.

> Task :composedJar
Caching disabled for task ':composedJar' because:
  Build cache is disabled
Task ':composedJar' is not up-to-date because:
  Output property 'archiveFile' file /Users/anusreelakshmi/Documents/GitHub/liberty-tools-intellij/build/libs/liberty-tools-intellij-25.0.9.jar has been removed.
Resolve mutations for :prepareSandbox_runIdeForUiTests (Thread[#404,Execution worker Thread 5,5,main]) started.
:prepareSandbox_runIdeForUiTests (Thread[#404,Execution worker Thread 5,5,main]) started.

> Task :prepareSandbox_runIdeForUiTests
Transforming com.redhat.devtools.lsp4ij-0.18.0.zip (com.jetbrains.plugins:com.redhat.devtools.lsp4ij:0.18.0) with ExtractorTransformer
Transforming robot-server-plugin-0.11.23.zip (com.intellij.remoterobot:robot-server-plugin:0.11.23) with ExtractorTransformer
Invalidating in-memory cache of /Users/anusreelakshmi/.gradle/caches/8.7/fileHashes/fileHashes.bin
Invalidating in-memory cache of /Users/anusreelakshmi/.gradle/caches/8.7/fileHashes/resourceHashesCache.bin
Caching disabled for task ':prepareSandbox_runIdeForUiTests' because:
  Build cache is disabled
  Not worth caching
Task ':prepareSandbox_runIdeForUiTests' is not up-to-date because:
  Task.upToDateWhen is false.
[org.jetbrains.intellij.platform] Preparing sandbox
[org.jetbrains.intellij.platform] sandboxConfigDirectory = /Users/anusreelakshmi/Documents/GitHub/liberty-tools-intellij/build/idea-sandbox/IC-2024.3.6/config_runIdeForUiTests
[org.jetbrains.intellij.platform] sandboxPluginsDirectory = /Users/anusreelakshmi/Documents/GitHub/liberty-tools-intellij/build/idea-sandbox/IC-2024.3.6/plugins_runIdeForUiTests
[org.jetbrains.intellij.platform] sandboxLogDirectory = /Users/anusreelakshmi/Documents/GitHub/liberty-tools-intellij/build/idea-sandbox/IC-2024.3.6/log_runIdeForUiTests
[org.jetbrains.intellij.platform] sandboxSystemDirectory = /Users/anusreelakshmi/Documents/GitHub/liberty-tools-intellij/build/idea-sandbox/IC-2024.3.6/system_runIdeForUiTests
[org.jetbrains.intellij.platform] testSandbox = true
Resolve mutations for :runIdeForUiTests (Thread[#404,Execution worker Thread 5,5,main]) started.
:runIdeForUiTests (Thread[#404,Execution worker Thread 5,5,main]) started.
